[16:05:57] [ServerMain/INFO]: Environment: Environment[sessionHost=https://sessionserver.mojang.com, servicesHost=https://api.minecraftservices.com, name=PROD]
[16:05:58] [ServerMain/INFO]: No existing world data, creating new world
[16:05:59] [ServerMain/INFO]: Loaded 1337 recipes
[16:05:59] [ServerMain/INFO]: Loaded 1448 advancements
[16:06:00] [Server thread/INFO]: Starting minecraft server version 1.21.3
[16:06:00] [Server thread/INFO]: Loading properties
[16:06:00] [Server thread/INFO]: Default game type: SURVIVAL
[16:06:00] [Server thread/INFO]: Generating keypair
[16:06:00] [Server thread/INFO]: Starting Minecraft server on *:25565
[16:06:00] [Server thread/INFO]: Using epoll channel type
[16:06:00] [Server thread/WARN]: **** FAILED TO BIND TO PORT!
[16:06:00] [Server thread/WARN]: The exception was: io.netty.channel.unix.Errors$NativeIoException: bind(..) failed: Address already in use
[16:06:00] [Server thread/WARN]: Perhaps a server is already running on that port?
[16:06:00] [Server thread/ERROR]: Encountered an unexpected exception
java.lang.IllegalStateException: Failed to initialize server
	at net.minecraft.server.MinecraftServer.y(SourceFile:735) ~[server-1.21.3.jar:?]
	at net.minecraft.server.MinecraftServer.a(SourceFile:292) ~[server-1.21.3.jar:?]
	at java.base/java.lang.Thread.run(Thread.java:1583) [?:?]
[16:06:00] [Server thread/ERROR]: This crash report has been saved to: /workspaces/nuevo-survivaklk/servidor_minecraft/crash-reports/crash-2025-01-01_16.06.00-server.txt
[16:06:00] [Server thread/INFO]: Stopping server
[16:06:00] [Server thread/INFO]: Saving worlds
[16:06:00] [Server thread/ERROR]: Exception stopping the server
java.lang.NullPointerException: Cannot invoke "ash.F_()" because "$$5" is null
	at net.minecraft.server.MinecraftServer.a(SourceFile:575) ~[server-1.21.3.jar:?]
	at net.minecraft.server.MinecraftServer.v(SourceFile:634) ~[server-1.21.3.jar:?]
	at aqy.v(SourceFile:543) ~[server-1.21.3.jar:?]
	at net.minecraft.server.MinecraftServer.y(SourceFile:754) ~[server-1.21.3.jar:?]
	at net.minecraft.server.MinecraftServer.a(SourceFile:292) ~[server-1.21.3.jar:?]
	at java.base/java.lang.Thread.run(Thread.java:1583) [?:?]
